<?xml version="1.0" encoding="UTF-8"?>
<!-- Generated by org.testng.reporters.JUnitReportReporter -->
<testsuite hostname="Darshans-MacBook-Pro.local" failures="0" tests="1" name="com.qa.tests.LoginTest" time="0.011" errors="0" timestamp="2021-08-18T02:08:51 EDT" skipped="0">
  <testcase classname="com.qa.tests.LoginTest" name="test1" time="0.011"/>
  <system-out/>
</testsuite> <!-- com.qa.tests.LoginTest -->
