<?xml version="1.0" encoding="UTF-8"?>
<!-- Generated by org.testng.reporters.JUnitReportReporter -->
<testsuite hostname="Darshans-MBP" failures="0" tests="1" name="com.qa.tests.LoginTest" time="0.008" errors="0" timestamp="2021-08-16T12:52:06 EDT" skipped="0">
  <testcase classname="com.qa.tests.LoginTest" name="test1" time="0.008"/>
  <system-out/>
</testsuite> <!-- com.qa.tests.LoginTest -->
